[debug] [2020-11-25T07:04:01.356Z] ----------------------------------------------------------------------
[debug] [2020-11-25T07:04:01.359Z] Command:       /home/gitpod/.nvm/versions/node/v12.19.1/bin/node /home/gitpod/.nvm/versions/node/v12.19.1/bin/firebase login
[debug] [2020-11-25T07:04:01.359Z] CLI Version:   8.16.2
[debug] [2020-11-25T07:04:01.359Z] Platform:      linux
[debug] [2020-11-25T07:04:01.359Z] Node Version:  v12.19.1
[debug] [2020-11-25T07:04:01.360Z] Time:          Wed Nov 25 2020 07:04:01 GMT+0000 (Coordinated Universal Time)
[debug] [2020-11-25T07:04:01.360Z] ----------------------------------------------------------------------
[debug] [2020-11-25T07:04:01.360Z] 
[debug] [2020-11-25T07:04:01.362Z] >>> [apiv2][query] GET https://firebase-public.firebaseio.com/cli.json [none]
[info] i  Firebase optionally collects CLI usage and error reporting information to help improve our products. Data is collected in accordance with Google's privacy policy (https://policies.google.com/privacy) and is not used to identify you.
 
[debug] [2020-11-25T07:04:01.662Z] <<< [apiv2][status] GET https://firebase-public.firebaseio.com/cli.json 200
[debug] [2020-11-25T07:04:01.662Z] <<< [apiv2][body] GET https://firebase-public.firebaseio.com/cli.json {"cloudBuildErrorAfter":1594252800000,"cloudBuildWarnAfter":1590019200000,"defaultNode10After":1594252800000,"minVersion":"3.0.5","node8DeploysDisabledAfter":1613390400000,"node8RuntimeDisabledAfter":1615809600000,"node8WarnAfter":1600128000000}
[info] i  To change your data collection preference at any time, run `firebase logout` and log in again. 
[info] 
[info] Visit this URL on this device to log in:
[info] https://accounts.google.com/o/oauth2/auth?client_id=563584335869-fgrhgmd47bqnekij5i8b5pr03ho849e6.apps.googleusercontent.com&scope=email%20openid%20https%3A%2F%2Fwww.googleapis.com%2Fauth%2Fcloudplatformprojects.readonly%20https%3A%2F%2Fwww.googleapis.com%2Fauth%2Ffirebase%20https%3A%2F%2Fwww.googleapis.com%2Fauth%2Fcloud-platform&response_type=code&state=752317170&redirect_uri=http%3A%2F%2Flocalhost%3A9005
[info] 
[info] Waiting for authentication...
[debug] [2020-11-25T07:10:45.848Z] ----------------------------------------------------------------------
[debug] [2020-11-25T07:10:45.850Z] Command:       /home/gitpod/.nvm/versions/node/v12.19.1/bin/node /home/gitpod/.nvm/versions/node/v12.19.1/bin/firebase login
[debug] [2020-11-25T07:10:45.851Z] CLI Version:   8.16.2
[debug] [2020-11-25T07:10:45.851Z] Platform:      linux
[debug] [2020-11-25T07:10:45.851Z] Node Version:  v12.19.1
[debug] [2020-11-25T07:10:45.851Z] Time:          Wed Nov 25 2020 07:10:45 GMT+0000 (Coordinated Universal Time)
[debug] [2020-11-25T07:10:45.852Z] ----------------------------------------------------------------------
[debug] [2020-11-25T07:10:45.852Z] 
[info] i  Firebase optionally collects CLI usage and error reporting information to help improve our products. Data is collected in accordance with Google's privacy policy (https://policies.google.com/privacy) and is not used to identify you.
 
[info] 
[info] Visit this URL on this device to log in:
[info] https://accounts.google.com/o/oauth2/auth?client_id=563584335869-fgrhgmd47bqnekij5i8b5pr03ho849e6.apps.googleusercontent.com&scope=email%20openid%20https%3A%2F%2Fwww.googleapis.com%2Fauth%2Fcloudplatformprojects.readonly%20https%3A%2F%2Fwww.googleapis.com%2Fauth%2Ffirebase%20https%3A%2F%2Fwww.googleapis.com%2Fauth%2Fcloud-platform&response_type=code&state=691255912&redirect_uri=http%3A%2F%2Flocalhost%3A9005
[info] 
[info] Waiting for authentication...
